<?xml version="1.0" encoding="UTF-8"?>
<!-- Generated by org.testng.reporters.JUnitReportReporter -->
<testsuite hostname="LAPTOP-T60OUOQV" failures="0" tests="1" name="SwoopTest" time="4.071" errors="0" timestamp="2023-07-27T01:56:24 GET" skipped="0">
  <testcase classname="SwoopTest" name="logInTest" time="4.071"/>
  <system-out/>
</testsuite> <!-- SwoopTest -->
