<?xml version="1.0" encoding="UTF-8"?>
<!-- Generated by org.testng.reporters.JUnitReportReporter -->
<testsuite hostname="LAPTOP-T60OUOQV" failures="0" tests="1" name="SwoopTest" time="8.355" errors="0" timestamp="2023-07-27T01:27:13 GET" skipped="0">
  <testcase classname="SwoopTest" name="logInTest" time="8.355"/>
  <system-out/>
</testsuite> <!-- SwoopTest -->
