<?xml version="1.0" encoding="UTF-8"?>
<!-- Generated by org.testng.reporters.JUnitReportReporter -->
<testsuite hostname="LAPTOP-T60OUOQV" failures="0" tests="2" name="SwoopTest" time="34.545" errors="0" timestamp="2023-07-27T10:58:27 GET" skipped="0">
  <testcase classname="SwoopTest" name="logInTest" time="7.509"/>
  <system-out/>
  <testcase classname="SwoopTest" name="logInTest" time="27.036"/>
  <system-out/>
</testsuite> <!-- SwoopTest -->
